
[+] The package at https://www.github.com/x3830s/Linux-Environment was successful, located in Linux-Environment 


[+] The package at https://www.github.com/powerline/fonts was successful, located in fonts 


[+] Installed Powerline Fonts


[+] Moved .vimrc to ~.


[+] The package at https://www.github.com/x3830s/Linux-Environment was successful, located in Linux-Environment 


[+] The package at https://www.github.com/powerline/fonts was successful, located in fonts 


[+] Installed Powerline Fonts


[+] Moved .vimrc to ~.


[+] The package at https://www.github.com/x3830s/Linux-Environment was successful, located in Linux-Environment 


[+] The package at https://www.github.com/powerline/fonts was successful, located in fonts 


[+] Installed Powerline Fonts


[+] Moved .vimrc to ~.


[+] Installed Powerline Fonts


[+] Moved .vimrc to ~.


[+] Installed Powerline Fonts


[+] Moved .vimrc to ~.


[+] Installed Powerline Fonts


[+] Moved .vimrc to ~.


[+] Installed Powerline Fonts


[+] Moved .vimrc to ~.


[+] Installed Powerline Fonts


[+] Moved .vimrc to ~.


[+] Installed Powerline Fonts


[+] Moved .vimrc to ~.


[+] Installed Powerline Fonts


[+] Moved .vimrc to ~.


[+] Installed Powerline Fonts


[+] Moved .vimrc to ~.


[+] Installed Powerline Fonts


[+] Moved .vimrc to ~.

[ ] https://www.github.com/powerline/fonts Already exists at 'root/github/fonts'

[+] Installed Powerline Fonts


[+] Moved .vimrc to ~.

[ ] https://www.github.com/x3830s/Linux-Environment Already exists at 'root/github/Linux-Environment'
[ ] https://www.github.com/powerline/fonts Already exists at 'root/github/fonts'

[+] Installed Powerline Fonts


[+] Moved .vimrc to ~.

[ ] https://www.github.com/x3830s/Linux-Environment Already exists at 'root/github/Linux-Environment'
[ ] https://www.github.com/powerline/fonts Already exists at 'root/github/fonts'
[ ] https://www.github.com/x3830s/Linux-Environment Already exists at 'root/github/Linux-Environment'
[ ] https://www.github.com/powerline/fonts Already exists at 'root/github/fonts'

[+] Moved .vimrc to ~.


[+] Moved .vimrc to ~.

[ ] https://www.github.com/x3830s/Linux-Environment Already exists at '/root/github/Linux-Environment'
[ ] https://www.github.com/powerline/fonts Already exists at '/root/github/fonts'

[+] Moved .vimrc to ~.

[ ] https://www.github.com/powerline/fonts Already exists at '/root/github/fonts'

[+] Moved .vimrc to ~.

